<?xml version="1.0" encoding="UTF-8"?>
<testng-results ignored="0" total="7" passed="3" failed="4" skipped="0">
  <reporter-output>
  </reporter-output>
  <suite started-at="2023-06-08T11:58:58 IST" name="Suite" finished-at="2023-06-08T12:00:38 IST" duration-ms="99857">
    <groups>
      <group name="cucumber">
        <method signature="AbstractTestNGCucumberTests.runScenario(io.cucumber.testng.PickleWrapper,io.cucumber.testng.FeatureWrapper)[pri:0, instance:testrunner.landingPage_testrunner2@5403f35f]" name="runScenario" class="io.cucumber.testng.AbstractTestNGCucumberTests"/>
        <method signature="AbstractTestNGCucumberTests.runScenario(io.cucumber.testng.PickleWrapper,io.cucumber.testng.FeatureWrapper)[pri:0, instance:testrunner.landingPage_testrunner@3d5c822d]" name="runScenario" class="io.cucumber.testng.AbstractTestNGCucumberTests"/>
      </group> <!-- cucumber -->
    </groups>
    <test started-at="2023-06-08T11:58:58 IST" name="Test" finished-at="2023-06-08T12:00:38 IST" duration-ms="99857">
      <class name="testrunner.landingPage_testrunner">
        <test-method is-config="true" signature="setUpClass(org.testng.ITestContext)[pri:0, instance:testrunner.landingPage_testrunner@3d5c822d]" started-at="2023-06-08T11:58:58 IST" name="setUpClass" finished-at="2023-06-08T11:58:59 IST" duration-ms="1002" status="PASS">
          <params>
            <param index="0">
              <value>
                <![CDATA[org.testng.TestRunner@29170a47]]>
              </value>
            </param>
          </params>
          <reporter-output>
          </reporter-output>
        </test-method> <!-- setUpClass -->
        <test-method signature="runScenario(io.cucumber.testng.PickleWrapper,io.cucumber.testng.FeatureWrapper)[pri:0, instance:testrunner.landingPage_testrunner@3d5c822d]" started-at="2023-06-08T11:58:59 IST" name="runScenario" description="Runs Cucumber Scenarios" data-provider="scenarios" finished-at="2023-06-08T11:59:18 IST" duration-ms="18750" status="PASS">
          <params>
            <param index="0">
              <value>
                <![CDATA["Validate that user navigates to landing page"]]>
              </value>
            </param>
            <param index="1">
              <value>
                <![CDATA["MagicBricks Landing"]]>
              </value>
            </param>
          </params>
          <reporter-output>
          </reporter-output>
        </test-method> <!-- runScenario -->
        <test-method signature="runScenario(io.cucumber.testng.PickleWrapper,io.cucumber.testng.FeatureWrapper)[pri:0, instance:testrunner.landingPage_testrunner@3d5c822d]" started-at="2023-06-08T11:59:18 IST" name="runScenario" description="Runs Cucumber Scenarios" data-provider="scenarios" finished-at="2023-06-08T11:59:39 IST" duration-ms="21055" status="PASS">
          <params>
            <param index="0">
              <value>
                <![CDATA["Validate Landing page UI"]]>
              </value>
            </param>
            <param index="1">
              <value>
                <![CDATA["MagicBricks Landing"]]>
              </value>
            </param>
          </params>
          <reporter-output>
          </reporter-output>
        </test-method> <!-- runScenario -->
        <test-method signature="runScenario(io.cucumber.testng.PickleWrapper,io.cucumber.testng.FeatureWrapper)[pri:0, instance:testrunner.landingPage_testrunner@3d5c822d]" started-at="2023-06-08T11:59:39 IST" name="runScenario" description="Runs Cucumber Scenarios" data-provider="scenarios" finished-at="2023-06-08T11:59:59 IST" duration-ms="20662" status="PASS">
          <params>
            <param index="0">
              <value>
                <![CDATA["Validate Landing Page  Fields(login button is clickable)"]]>
              </value>
            </param>
            <param index="1">
              <value>
                <![CDATA["MagicBricks Landing"]]>
              </value>
            </param>
          </params>
          <reporter-output>
          </reporter-output>
        </test-method> <!-- runScenario -->
        <test-method is-config="true" signature="tearDownClass()[pri:0, instance:testrunner.landingPage_testrunner@3d5c822d]" started-at="2023-06-08T11:59:59 IST" name="tearDownClass" finished-at="2023-06-08T12:00:00 IST" duration-ms="141" status="PASS">
          <reporter-output>
          </reporter-output>
        </test-method> <!-- tearDownClass -->
      </class> <!-- testrunner.landingPage_testrunner -->
      <class name="testrunner.landingPage_testrunner2">
        <test-method is-config="true" signature="setUpClass(org.testng.ITestContext)[pri:0, instance:testrunner.landingPage_testrunner2@5403f35f]" started-at="2023-06-08T12:00:00 IST" name="setUpClass" finished-at="2023-06-08T12:00:00 IST" duration-ms="79" status="PASS">
          <params>
            <param index="0">
              <value>
                <![CDATA[org.testng.TestRunner@29170a47]]>
              </value>
            </param>
          </params>
          <reporter-output>
          </reporter-output>
        </test-method> <!-- setUpClass -->
        <test-method signature="runScenario(io.cucumber.testng.PickleWrapper,io.cucumber.testng.FeatureWrapper)[pri:0, instance:testrunner.landingPage_testrunner2@5403f35f]" started-at="2023-06-08T12:00:00 IST" name="runScenario" description="Runs Cucumber Scenarios" data-provider="scenarios" finished-at="2023-06-08T12:00:08 IST" duration-ms="8613" status="FAIL">
          <params>
            <param index="0">
              <value>
                <![CDATA["validate User enter number with valid data"]]>
              </value>
            </param>
            <param index="1">
              <value>
                <![CDATA["Magicbricks Landing"]]>
              </value>
            </param>
          </params>
          <exception class="java.util.NoSuchElementException">
            <full-stacktrace>
              <![CDATA[java.util.NoSuchElementException
at java.base/java.util.LinkedHashMap$LinkedHashIterator.nextNode(LinkedHashMap.java:758)
at java.base/java.util.LinkedHashMap$LinkedKeyIterator.next(LinkedHashMap.java:778)
at com.utility.Utility.WindowHandle(Utility.java:76)
at com.pages.Post_PropertyPage.validatePost_Property_PageTitle(Post_PropertyPage.java:30)
at LandingPageSteps_outline.LandingPageSteps2.user_navigates_to_postproperty_page(LandingPageSteps2.java:84)
at ✽.User navigates to postproperty page(file:///C:/Users/TBEEMARA/eclipse-workspace/MagicBricks_Landing_Tejasree/src/test/resources/Features/LandingPage2.feature:13)
]]>
            </full-stacktrace>
          </exception> <!-- java.util.NoSuchElementException -->
          <reporter-output>
          </reporter-output>
        </test-method> <!-- runScenario -->
        <test-method signature="runScenario(io.cucumber.testng.PickleWrapper,io.cucumber.testng.FeatureWrapper)[pri:0, instance:testrunner.landingPage_testrunner2@5403f35f]" started-at="2023-06-08T12:00:08 IST" name="runScenario" description="Runs Cucumber Scenarios" data-provider="scenarios" finished-at="2023-06-08T12:00:16 IST" duration-ms="7871" status="FAIL">
          <params>
            <param index="0">
              <value>
                <![CDATA["validate User enter number with valid data"]]>
              </value>
            </param>
            <param index="1">
              <value>
                <![CDATA["Magicbricks Landing"]]>
              </value>
            </param>
          </params>
          <exception class="java.util.NoSuchElementException">
            <full-stacktrace>
              <![CDATA[java.util.NoSuchElementException
at java.base/java.util.LinkedHashMap$LinkedHashIterator.nextNode(LinkedHashMap.java:758)
at java.base/java.util.LinkedHashMap$LinkedKeyIterator.next(LinkedHashMap.java:778)
at com.utility.Utility.WindowHandle(Utility.java:76)
at com.pages.Post_PropertyPage.validatePost_Property_PageTitle(Post_PropertyPage.java:30)
at LandingPageSteps_outline.LandingPageSteps2.user_navigates_to_postproperty_page(LandingPageSteps2.java:84)
at ✽.User navigates to postproperty page(file:///C:/Users/TBEEMARA/eclipse-workspace/MagicBricks_Landing_Tejasree/src/test/resources/Features/LandingPage2.feature:13)
]]>
            </full-stacktrace>
          </exception> <!-- java.util.NoSuchElementException -->
          <reporter-output>
          </reporter-output>
        </test-method> <!-- runScenario -->
        <test-method signature="runScenario(io.cucumber.testng.PickleWrapper,io.cucumber.testng.FeatureWrapper)[pri:0, instance:testrunner.landingPage_testrunner2@5403f35f]" started-at="2023-06-08T12:00:16 IST" name="runScenario" description="Runs Cucumber Scenarios" data-provider="scenarios" finished-at="2023-06-08T12:00:28 IST" duration-ms="11435" status="FAIL">
          <params>
            <param index="0">
              <value>
                <![CDATA["validate user enter  number with invalid data"]]>
              </value>
            </param>
            <param index="1">
              <value>
                <![CDATA["Magicbricks Landing"]]>
              </value>
            </param>
          </params>
          <exception class="java.util.NoSuchElementException">
            <full-stacktrace>
              <![CDATA[java.util.NoSuchElementException
at java.base/java.util.LinkedHashMap$LinkedHashIterator.nextNode(LinkedHashMap.java:758)
at java.base/java.util.LinkedHashMap$LinkedKeyIterator.next(LinkedHashMap.java:778)
at com.utility.Utility.WindowHandle(Utility.java:76)
at com.pages.Post_PropertyPage.validatePost_Property_PageTitle(Post_PropertyPage.java:30)
at LandingPageSteps_outline.LandingPageSteps2.user_navigates_to_postproperty_page(LandingPageSteps2.java:84)
at ✽.User navigates to postproperty page(file:///C:/Users/TBEEMARA/eclipse-workspace/MagicBricks_Landing_Tejasree/src/test/resources/Features/LandingPage2.feature:27)
]]>
            </full-stacktrace>
          </exception> <!-- java.util.NoSuchElementException -->
          <reporter-output>
          </reporter-output>
        </test-method> <!-- runScenario -->
        <test-method signature="runScenario(io.cucumber.testng.PickleWrapper,io.cucumber.testng.FeatureWrapper)[pri:0, instance:testrunner.landingPage_testrunner2@5403f35f]" started-at="2023-06-08T12:00:28 IST" name="runScenario" description="Runs Cucumber Scenarios" data-provider="scenarios" finished-at="2023-06-08T12:00:38 IST" duration-ms="10114" status="FAIL">
          <params>
            <param index="0">
              <value>
                <![CDATA["validate user enter  number with invalid data"]]>
              </value>
            </param>
            <param index="1">
              <value>
                <![CDATA["Magicbricks Landing"]]>
              </value>
            </param>
          </params>
          <exception class="java.lang.NoClassDefFoundError">
            <message>
              <![CDATA[org/apache/commons/io/FileUtils]]>
            </message>
            <full-stacktrace>
              <![CDATA[java.lang.NoClassDefFoundError: org/apache/commons/io/FileUtils
at com.utility.Utility.captureScreenshotOnFailure(Utility.java:101)
at LandingPageSteps_outline.LandingPageSteps2.user_navigates_to_postproperty_page(LandingPageSteps2.java:96)
at ✽.User navigates to postproperty page(file:///C:/Users/TBEEMARA/eclipse-workspace/MagicBricks_Landing_Tejasree/src/test/resources/Features/LandingPage2.feature:27)
Caused by: java.lang.ClassNotFoundException: org.apache.commons.io.FileUtils
at java.base/jdk.internal.loader.BuiltinClassLoader.loadClass(BuiltinClassLoader.java:641)
at java.base/jdk.internal.loader.ClassLoaders$AppClassLoader.loadClass(ClassLoaders.java:188)
at java.base/java.lang.ClassLoader.loadClass(ClassLoader.java:520)
at com.utility.Utility.captureScreenshotOnFailure(Utility.java:101)
at LandingPageSteps_outline.LandingPageSteps2.user_navigates_to_postproperty_page(LandingPageSteps2.java:96)
at java.base/jdk.internal.reflect.NativeMethodAccessorImpl.invoke0(Native Method)
at java.base/jdk.internal.reflect.NativeMethodAccessorImpl.invoke(NativeMethodAccessorImpl.java:77)
at java.base/jdk.internal.reflect.DelegatingMethodAccessorImpl.invoke(DelegatingMethodAccessorImpl.java:43)
at java.base/java.lang.reflect.Method.invoke(Method.java:568)
at io.cucumber.java.Invoker.doInvoke(Invoker.java:66)
at io.cucumber.java.Invoker.invoke(Invoker.java:24)
at io.cucumber.java.AbstractGlueDefinition.invokeMethod(AbstractGlueDefinition.java:47)
at io.cucumber.java.JavaStepDefinition.execute(JavaStepDefinition.java:29)
at io.cucumber.core.runner.CoreStepDefinition.execute(CoreStepDefinition.java:66)
at io.cucumber.core.runner.PickleStepDefinitionMatch.runStep(PickleStepDefinitionMatch.java:63)
at io.cucumber.core.runner.ExecutionMode$1.execute(ExecutionMode.java:10)
at io.cucumber.core.runner.TestStep.executeStep(TestStep.java:84)
at io.cucumber.core.runner.TestStep.run(TestStep.java:56)
at io.cucumber.core.runner.PickleStepTestStep.run(PickleStepTestStep.java:51)
at io.cucumber.core.runner.TestCase.run(TestCase.java:84)
at io.cucumber.core.runner.Runner.runPickle(Runner.java:75)
at io.cucumber.testng.TestNGCucumberRunner.lambda$runScenario$1(TestNGCucumberRunner.java:132)
at io.cucumber.core.runtime.CucumberExecutionContext.lambda$runTestCase$5(CucumberExecutionContext.java:137)
at io.cucumber.core.runtime.RethrowingThrowableCollector.executeAndThrow(RethrowingThrowableCollector.java:23)
at io.cucumber.core.runtime.CucumberExecutionContext.runTestCase(CucumberExecutionContext.java:137)
at io.cucumber.testng.TestNGCucumberRunner.runScenario(TestNGCucumberRunner.java:129)
at io.cucumber.testng.AbstractTestNGCucumberTests.runScenario(AbstractTestNGCucumberTests.java:35)
at java.base/jdk.internal.reflect.NativeMethodAccessorImpl.invoke0(Native Method)
at java.base/jdk.internal.reflect.NativeMethodAccessorImpl.invoke(NativeMethodAccessorImpl.java:77)
at java.base/jdk.internal.reflect.DelegatingMethodAccessorImpl.invoke(DelegatingMethodAccessorImpl.java:43)
at java.base/java.lang.reflect.Method.invoke(Method.java:568)
at org.testng.internal.invokers.MethodInvocationHelper.invokeMethod(MethodInvocationHelper.java:139)
at org.testng.internal.invokers.TestInvoker.invokeMethod(TestInvoker.java:677)
at org.testng.internal.invokers.TestInvoker.invokeTestMethod(TestInvoker.java:221)
at org.testng.internal.invokers.MethodRunner.runInSequence(MethodRunner.java:50)
at org.testng.internal.invokers.TestInvoker$MethodInvocationAgent.invoke(TestInvoker.java:969)
at org.testng.internal.invokers.TestInvoker.invokeTestMethods(TestInvoker.java:194)
at org.testng.internal.invokers.TestMethodWorker.invokeTestMethods(TestMethodWorker.java:148)
at org.testng.internal.invokers.TestMethodWorker.run(TestMethodWorker.java:128)
at java.base/java.util.ArrayList.forEach(ArrayList.java:1511)
at org.testng.TestRunner.privateRun(TestRunner.java:829)
at org.testng.TestRunner.run(TestRunner.java:602)
at org.testng.SuiteRunner.runTest(SuiteRunner.java:437)
at org.testng.SuiteRunner.runSequentially(SuiteRunner.java:431)
at org.testng.SuiteRunner.privateRun(SuiteRunner.java:391)
at org.testng.SuiteRunner.run(SuiteRunner.java:330)
at org.testng.SuiteRunnerWorker.runSuite(SuiteRunnerWorker.java:52)
at org.testng.SuiteRunnerWorker.run(SuiteRunnerWorker.java:95)
at org.testng.TestNG.runSuitesSequentially(TestNG.java:1256)
at org.testng.TestNG.runSuitesLocally(TestNG.java:1176)
at org.testng.TestNG.runSuites(TestNG.java:1099)
at org.testng.TestNG.run(TestNG.java:1067)
at org.apache.maven.surefire.testng.TestNGExecutor.run(TestNGExecutor.java:283)
at org.apache.maven.surefire.testng.TestNGXmlTestSuite.execute(TestNGXmlTestSuite.java:75)
at org.apache.maven.surefire.testng.TestNGProvider.invoke(TestNGProvider.java:120)
at org.apache.maven.surefire.booter.ForkedBooter.invokeProviderInSameClassLoader(ForkedBooter.java:379)
at org.apache.maven.surefire.booter.ForkedBooter.runSuitesInProcess(ForkedBooter.java:340)
at org.apache.maven.surefire.booter.ForkedBooter.execute(ForkedBooter.java:125)
at org.apache.maven.surefire.booter.ForkedBooter.main(ForkedBooter.java:413)
]]>
            </full-stacktrace>
          </exception> <!-- java.lang.NoClassDefFoundError -->
          <reporter-output>
          </reporter-output>
        </test-method> <!-- runScenario -->
        <test-method is-config="true" signature="tearDownClass()[pri:0, instance:testrunner.landingPage_testrunner2@5403f35f]" started-at="2023-06-08T12:00:38 IST" name="tearDownClass" finished-at="2023-06-08T12:00:38 IST" duration-ms="53" status="PASS">
          <reporter-output>
          </reporter-output>
        </test-method> <!-- tearDownClass -->
      </class> <!-- testrunner.landingPage_testrunner2 -->
    </test> <!-- Test -->
  </suite> <!-- Suite -->
</testng-results>
